<?xml version="1.0" encoding="UTF-8"?>
<!-- Generated by org.testng.reporters.JUnitReportReporter -->
<testsuite skipped="0" hostname="DGT-SYS-013" name="com.yosi.testscript.Athena_Myself_Checkin_TC" tests="22" failures="0" timestamp="26 Nov 2018 13:15:35 GMT" time="123.776" errors="0">
  <testcase name="start_paperwork" time="7.014" classname="com.yosi.testscript.Athena_Myself_Checkin_TC"/>
  <testcase name="select_doctor" time="2.984" classname="com.yosi.testscript.Athena_Myself_Checkin_TC"/>
  <testcase name="verify_page" time="2.058" classname="com.yosi.testscript.Athena_Myself_Checkin_TC"/>
  <testcase name="patient_info" time="15.063" classname="com.yosi.testscript.Athena_Myself_Checkin_TC"/>
  <testcase name="patient_guarantor" time="13.365" classname="com.yosi.testscript.Athena_Myself_Checkin_TC"/>
  <testcase name="insurance_info" time="30.080" classname="com.yosi.testscript.Athena_Myself_Checkin_TC"/>
  <testcase name="patient_lifestyle" time="1.153" classname="com.yosi.testscript.Athena_Myself_Checkin_TC"/>
  <testcase name="patient_past_medical" time="20.733" classname="com.yosi.testscript.Athena_Myself_Checkin_TC"/>
  <testcase name="patient_rx_info" time="5.173" classname="com.yosi.testscript.Athena_Myself_Checkin_TC"/>
  <testcase name="addition_page" time="1.340" classname="com.yosi.testscript.Athena_Myself_Checkin_TC"/>
  <testcase name="medical_history_page" time="1.727" classname="com.yosi.testscript.Athena_Myself_Checkin_TC"/>
  <testcase name="phq_page" time="1.083" classname="com.yosi.testscript.Athena_Myself_Checkin_TC"/>
  <testcase name="gad_page" time="1.875" classname="com.yosi.testscript.Athena_Myself_Checkin_TC"/>
  <testcase name="encounter_page" time="1.491" classname="com.yosi.testscript.Athena_Myself_Checkin_TC"/>
  <testcase name="vital_page" time="1.945" classname="com.yosi.testscript.Athena_Myself_Checkin_TC"/>
  <testcase name="ros_page" time="2.200" classname="com.yosi.testscript.Athena_Myself_Checkin_TC"/>
  <testcase name="athena_cust_question_page" time="3.984" classname="com.yosi.testscript.Athena_Myself_Checkin_TC"/>
  <testcase name="language_page" time="1.761" classname="com.yosi.testscript.Athena_Myself_Checkin_TC"/>
  <testcase name="obgyn_question_page" time="1.873" classname="com.yosi.testscript.Athena_Myself_Checkin_TC"/>
  <testcase name="notice_of_privacy_page" time="3.400" classname="com.yosi.testscript.Athena_Myself_Checkin_TC"/>
  <testcase name="privacy_policy_page" time="2.098" classname="com.yosi.testscript.Athena_Myself_Checkin_TC"/>
  <testcase name="signature_page" time="1.376" classname="com.yosi.testscript.Athena_Myself_Checkin_TC"/>
</testsuite> <!-- com.yosi.testscript.Athena_Myself_Checkin_TC -->
