<?xml version="1.0" encoding="UTF-8"?>
<!-- Generated by org.testng.reporters.JUnitReportReporter -->
<testsuite skipped="0" hostname="DGT-SYS-013" name="com.yosi.testscript.Athena_Myself_Checkin_TC" tests="22" failures="0" timestamp="22 Nov 2018 10:29:55 GMT" time="107.380" errors="0">
  <testcase name="start_paperwork" time="8.867" classname="com.yosi.testscript.Athena_Myself_Checkin_TC"/>
  <testcase name="select_doctor" time="3.233" classname="com.yosi.testscript.Athena_Myself_Checkin_TC"/>
  <testcase name="verify_page" time="1.976" classname="com.yosi.testscript.Athena_Myself_Checkin_TC"/>
  <testcase name="patient_info" time="14.368" classname="com.yosi.testscript.Athena_Myself_Checkin_TC"/>
  <testcase name="patient_guarantor" time="12.344" classname="com.yosi.testscript.Athena_Myself_Checkin_TC"/>
  <testcase name="insurance_info" time="26.948" classname="com.yosi.testscript.Athena_Myself_Checkin_TC"/>
  <testcase name="patient_lifestyle" time="1.208" classname="com.yosi.testscript.Athena_Myself_Checkin_TC"/>
  <testcase name="patient_past_medical" time="6.204" classname="com.yosi.testscript.Athena_Myself_Checkin_TC"/>
  <testcase name="patient_rx_info" time="5.364" classname="com.yosi.testscript.Athena_Myself_Checkin_TC"/>
  <testcase name="addition_page" time="1.384" classname="com.yosi.testscript.Athena_Myself_Checkin_TC"/>
  <testcase name="medical_history_page" time="1.741" classname="com.yosi.testscript.Athena_Myself_Checkin_TC"/>
  <testcase name="phq_page" time="1.147" classname="com.yosi.testscript.Athena_Myself_Checkin_TC"/>
  <testcase name="gad_page" time="1.960" classname="com.yosi.testscript.Athena_Myself_Checkin_TC"/>
  <testcase name="encounter_page" time="1.565" classname="com.yosi.testscript.Athena_Myself_Checkin_TC"/>
  <testcase name="vital_page" time="1.913" classname="com.yosi.testscript.Athena_Myself_Checkin_TC"/>
  <testcase name="ros_page" time="2.108" classname="com.yosi.testscript.Athena_Myself_Checkin_TC"/>
  <testcase name="athena_cust_question_page" time="3.735" classname="com.yosi.testscript.Athena_Myself_Checkin_TC"/>
  <testcase name="language_page" time="1.909" classname="com.yosi.testscript.Athena_Myself_Checkin_TC"/>
  <testcase name="obgyn_question_page" time="1.905" classname="com.yosi.testscript.Athena_Myself_Checkin_TC"/>
  <testcase name="notice_of_privacy_page" time="3.656" classname="com.yosi.testscript.Athena_Myself_Checkin_TC"/>
  <testcase name="privacy_policy_page" time="2.100" classname="com.yosi.testscript.Athena_Myself_Checkin_TC"/>
  <testcase name="signature_page" time="1.745" classname="com.yosi.testscript.Athena_Myself_Checkin_TC"/>
</testsuite> <!-- com.yosi.testscript.Athena_Myself_Checkin_TC -->
