<?xml version="1.0" encoding="UTF-8"?>
<!-- Generated by org.testng.reporters.JUnitReportReporter -->
<testsuite skipped="0" hostname="DGT-SYS-013" name="com.yosi.testscript.Athena_Mydependent_Checkin_TC" tests="22" failures="0" timestamp="22 Nov 2018 09:59:39 GMT" time="119.825" errors="0">
  <testcase name="start_paperwork" time="18.570" classname="com.yosi.testscript.Athena_Mydependent_Checkin_TC"/>
  <testcase name="select_doctor" time="3.006" classname="com.yosi.testscript.Athena_Mydependent_Checkin_TC"/>
  <testcase name="verify_page" time="1.656" classname="com.yosi.testscript.Athena_Mydependent_Checkin_TC"/>
  <testcase name="patient_info" time="14.398" classname="com.yosi.testscript.Athena_Mydependent_Checkin_TC"/>
  <testcase name="patient_guarantor" time="21.325" classname="com.yosi.testscript.Athena_Mydependent_Checkin_TC"/>
  <testcase name="insurance_info" time="11.599" classname="com.yosi.testscript.Athena_Mydependent_Checkin_TC"/>
  <testcase name="patient_lifestyle" time="1.363" classname="com.yosi.testscript.Athena_Mydependent_Checkin_TC"/>
  <testcase name="patient_past_medical" time="7.321" classname="com.yosi.testscript.Athena_Mydependent_Checkin_TC"/>
  <testcase name="patient_rx_info" time="11.629" classname="com.yosi.testscript.Athena_Mydependent_Checkin_TC"/>
  <testcase name="addition_page" time="1.498" classname="com.yosi.testscript.Athena_Mydependent_Checkin_TC"/>
  <testcase name="medical_history_page" time="1.954" classname="com.yosi.testscript.Athena_Mydependent_Checkin_TC"/>
  <testcase name="phq_page" time="1.324" classname="com.yosi.testscript.Athena_Mydependent_Checkin_TC"/>
  <testcase name="gad_page" time="2.356" classname="com.yosi.testscript.Athena_Mydependent_Checkin_TC"/>
  <testcase name="encounter_page" time="1.654" classname="com.yosi.testscript.Athena_Mydependent_Checkin_TC"/>
  <testcase name="vital_page" time="2.490" classname="com.yosi.testscript.Athena_Mydependent_Checkin_TC"/>
  <testcase name="ros_page" time="2.260" classname="com.yosi.testscript.Athena_Mydependent_Checkin_TC"/>
  <testcase name="athena_cust_question_page" time="4.001" classname="com.yosi.testscript.Athena_Mydependent_Checkin_TC"/>
  <testcase name="language_page" time="2.035" classname="com.yosi.testscript.Athena_Mydependent_Checkin_TC"/>
  <testcase name="obgyn_question_page" time="1.639" classname="com.yosi.testscript.Athena_Mydependent_Checkin_TC"/>
  <testcase name="notice_of_privacy_page" time="3.802" classname="com.yosi.testscript.Athena_Mydependent_Checkin_TC"/>
  <testcase name="privacy_policy_page" time="2.101" classname="com.yosi.testscript.Athena_Mydependent_Checkin_TC"/>
  <testcase name="signature_page" time="1.844" classname="com.yosi.testscript.Athena_Mydependent_Checkin_TC"/>
</testsuite> <!-- com.yosi.testscript.Athena_Mydependent_Checkin_TC -->
