<?xml version="1.0" encoding="UTF-8"?>
<!-- Generated by org.testng.reporters.JUnitReportReporter -->
<testsuite skipped="0" hostname="DGT-SYS-013" name="com.yosi.testscript.Athena_Mydependent_Checkin_TC" tests="22" failures="0" timestamp="26 Nov 2018 13:15:35 GMT" time="134.700" errors="0">
  <testcase name="start_paperwork" time="4.498" classname="com.yosi.testscript.Athena_Mydependent_Checkin_TC"/>
  <testcase name="select_doctor" time="2.854" classname="com.yosi.testscript.Athena_Mydependent_Checkin_TC"/>
  <testcase name="verify_page" time="1.729" classname="com.yosi.testscript.Athena_Mydependent_Checkin_TC"/>
  <testcase name="patient_info" time="15.147" classname="com.yosi.testscript.Athena_Mydependent_Checkin_TC"/>
  <testcase name="patient_guarantor" time="20.908" classname="com.yosi.testscript.Athena_Mydependent_Checkin_TC"/>
  <testcase name="insurance_info" time="29.798" classname="com.yosi.testscript.Athena_Mydependent_Checkin_TC"/>
  <testcase name="patient_lifestyle" time="1.169" classname="com.yosi.testscript.Athena_Mydependent_Checkin_TC"/>
  <testcase name="patient_past_medical" time="20.745" classname="com.yosi.testscript.Athena_Mydependent_Checkin_TC"/>
  <testcase name="patient_rx_info" time="11.222" classname="com.yosi.testscript.Athena_Mydependent_Checkin_TC"/>
  <testcase name="addition_page" time="1.011" classname="com.yosi.testscript.Athena_Mydependent_Checkin_TC"/>
  <testcase name="medical_history_page" time="1.741" classname="com.yosi.testscript.Athena_Mydependent_Checkin_TC"/>
  <testcase name="phq_page" time="1.199" classname="com.yosi.testscript.Athena_Mydependent_Checkin_TC"/>
  <testcase name="gad_page" time="1.892" classname="com.yosi.testscript.Athena_Mydependent_Checkin_TC"/>
  <testcase name="encounter_page" time="1.713" classname="com.yosi.testscript.Athena_Mydependent_Checkin_TC"/>
  <testcase name="vital_page" time="1.938" classname="com.yosi.testscript.Athena_Mydependent_Checkin_TC"/>
  <testcase name="ros_page" time="1.747" classname="com.yosi.testscript.Athena_Mydependent_Checkin_TC"/>
  <testcase name="athena_cust_question_page" time="4.963" classname="com.yosi.testscript.Athena_Mydependent_Checkin_TC"/>
  <testcase name="language_page" time="1.776" classname="com.yosi.testscript.Athena_Mydependent_Checkin_TC"/>
  <testcase name="obgyn_question_page" time="1.879" classname="com.yosi.testscript.Athena_Mydependent_Checkin_TC"/>
  <testcase name="notice_of_privacy_page" time="3.370" classname="com.yosi.testscript.Athena_Mydependent_Checkin_TC"/>
  <testcase name="privacy_policy_page" time="2.145" classname="com.yosi.testscript.Athena_Mydependent_Checkin_TC"/>
  <testcase name="signature_page" time="1.256" classname="com.yosi.testscript.Athena_Mydependent_Checkin_TC"/>
</testsuite> <!-- com.yosi.testscript.Athena_Mydependent_Checkin_TC -->
