<?xml version="1.0" encoding="UTF-8"?>
<!-- Generated by org.testng.reporters.JUnitReportReporter -->
<testsuite skipped="0" hostname="DGT-SYS-013" name="com.yosi.testscript.Patient_Info_TC" tests="1" failures="0" timestamp="19 Nov 2018 12:28:24 GMT" time="5.107" errors="0">
  <testcase name="t_patient_info" time="5.107" classname="com.yosi.testscript.Patient_Info_TC"/>
</testsuite> <!-- com.yosi.testscript.Patient_Info_TC -->
